[    0.000000] Initializing cgroup subsys cpuset
[    0.000000]Initializing cgroup subsys cpu
[    0.000000] Initializing cgroup subsys cpuacct
[    0.000000] Linux version 4.4.0-148-generic (buildd@lgw01-amd64-031) (gcc version 5.4.0 20160609 (Ubuntu 5.4.0-6ubuntu1~16.04.10) ) #174-Ubuntu SMP Tue May 7 12:20:14 UTC 2019 (Ubuntu 4.4.0-148.174-generic 4.4.177)
[    0.000000] Command line: BOOT_IMAGE=/boot/vmlinuz-4.4.0-148-generic root=LABEL=cloudimg-rootfs ro console=tty1 console=ttyS0
[    0.000000] KERNEL supported cpus:
[    0.000000]   Intel GenuineIntel
[    0.000000]   AMD AuthenticAMD
[    0.000000]   Centaur CentaurHauls
[    0.000000] x86/fpu: Legacy x87 FPU detected.
[    0.000000] e820: BIOS-provided physical RAM map:
[    0.000000] BIOS-e820: [mem 0x0000000000000000-0x000000000009fbff] usable
[    0.000000] BIOS-e820: [mem 0x000000000009fc00-0x000000000009ffff] reserved
[    0.000000] BIOS-e820: [mem 0x00000000000f0000-0x00000000000fffff] reserved
[    0.000000] BIOS-e820: [mem 0x0000000000100000-0x000000003ffeffff] usable
[    0.000000] BIOS-e820: [mem 0x000000003fff0000-0x000000003fffffff] ACPI data
[    0.000000] BIOS-e820: [mem 0x00000000fec00000-0x00000000fec00fff] reserved
[    0.000000] BIOS-e820: [mem 0x00000000fee00000-0x00000000fee00fff] reserved
[    0.000000] BIOS-e820: [mem 0x00000000fffc0000-0x00000000ffffffff] reserved
[    0.000000] NX (Execute Disable) protection: active
[    0.000000] SMBIOS 2.5 present.
[    0.000000] Hypervisor detected: KVM
[    0.000000] e820: last_pfn = 0x3fff0 max_arch_pfn = 0x400000000
[    0.000000] MTRR: Disabled
[    0.000000] x86/PAT: MTRRs disabled, skipping PAT initialization too.
[    0.000000] CPU MTRRs all blank - virtualized system.
[    0.000000] x86/PAT: Configuration [0-7]: WB  WT  UC- UC  WB  WT  UC- UC  
[    0.000000] found SMP MP-table at [mem 0x0009fff0-0x0009ffff] mapped at [ffff88000009fff0]
[    0.000000] Scanning 1 areas for low memory corruption
[    0.000000] RAMDISK: [mem 0x362fa000-0x37174fff]
[    0.000000] ACPI: Early table checksum verification disabled
[    0.000000] ACPI: RSDP 0x00000000000E0000 000024 (v02 VBOX  )
[    0.000000] ACPI: XSDT 0x000000003FFF0030 00003C (v01 VBOX   VBOXXSDT 00000001 ASL  00000061)
[    0.000000] ACPI: FACP 0x000000003FFF00F0 0000F4 (v04 VBOX   VBOXFACP 00000001 ASL  00000061)
[    0.000000] ACPI: DSDT 0x000000003FFF0470 0021FF (v02 VBOX   VBOXBIOS 00000002 INTL 20180105)
[    0.000000] ACPI: FACS 0x000000003FFF0200 000040
[    0.000000] ACPI: FACS 0x000000003FFF0200 000040
[    0.000000] ACPI: APIC 0x000000003FFF0240 00005C (v02 VBOX   VBOXAPIC 00000001 ASL  00000061)
[    0.000000] ACPI: SSDT 0x000000003FFF02A0 0001CC (v01 VBOX   VBOXCPUT 00000002 INTL 20180105)
[    0.000000] No NUMA configuration found
[    0.000000] Faking a node at [mem 0x0000000000000000-0x000000003ffeffff]
[    0.000000] NODE_DATA(0) allocated [mem 0x3ffeb000-0x3ffeffff]
[    0.000000] kvm-clock: Using msrs 4b564d01 and 4b564d00
[    0.000000] kvm-clock: cpu 0, msr 0:3ffe3001, primary cpu clock
[    0.000000] kvm-clock: using sched offset of 4627884784 cycles
[    0.000000] clocksource: kvm-clock: mask: 0xffffffffffffffff max_cycles: 0x1cd42e4dffb, max_idle_ns: 881590591483 ns
[    0.000000] Zone ranges:
[    0.000000]   DMA      [mem 0x0000000000001000-0x0000000000ffffff]
[    0.000000]   DMA32    [mem 0x0000000001000000-0x000000003ffeffff]
[    0.000000]   Normal   empty
[    0.000000]   Device   empty
[    0.000000] Movable zone start for each node
[    0.000000] Early memory node ranges
[    0.000000]   node   0: [mem 0x0000000000001000-0x000000000009efff]
[    0.000000]   node   0: [mem 0x0000000000100000-0x000000003ffeffff]
[    0.000000] Initmem setup node 0 [mem 0x0000000000001000-0x000000003ffeffff]
[    0.000000] ACPI: PM-Timer IO Port: 0x4008
[    0.000000] IOAPIC[0]: apic_id 2, version 32, address 0xfec00000, GSI 0-23
[    0.000000] ACPI: INT_SRC_OVR (bus 0 bus_irq 0 global_irq 2 dfl dfl)
[    0.000000] ACPI: INT_SRC_OVR (bus 0 bus_irq 9 global_irq 9 low level)
[    0.000000] Using ACPI (MADT) for SMP configuration information
[    0.000000] smpboot: Allowing 2 CPUs, 0 hotplug CPUs
[    0.000000] PM: Registered nosave memory: [mem 0x00000000-0x00000fff]
[    0.000000] PM: Registered nosave memory: [mem 0x0009f000-0x0009ffff]
[    0.000000] PM: Registered nosave memory: [mem 0x000a0000-0x000effff]
[    0.000000] PM: Registered nosave memory: [mem 0x000f0000-0x000fffff]
[    0.000000] e820: [mem 0x40000000-0xfebfffff] available for PCI devices
[    0.000000] Booting paravirtualized kernel on KVM
[    0.000000] clocksource: refined-jiffies: mask: 0xffffffff max_cycles: 0xffffffff, max_idle_ns: 7645519600211568 ns
[    0.000000] setup_percpu: NR_CPUS:512 nr_cpumask_bits:512 nr_cpu_ids:2 nr_node_ids:1
[    0.000000] PERCPU: Embedded 34 pages/cpu @ffff88003fc00000 s99480 r8192 d31592 u1048576
[    0.000000] Built 1 zonelists in Node order, mobility grouping on.  Total pages: 257912
[    0.000000] Policy zone: DMA32
[    0.000000] Kernel command line: BOOT_IMAGE=/boot/vmlinuz-4.4.0-148-generic root=LABEL=cloudimg-rootfs ro console=tty1 console=ttyS0
[    0.000000] PID hash table entries: 4096 (order: 3, 32768 bytes)
[    0.000000] Memory: 997732K/1048120K available (8609K kernel code, 1334K rwdata, 4028K rodata, 1484K init, 1284K bss, 50388K reserved, 0K cma-reserved)
[    0.000000] SLUB: HWalign=64, Order=0-3, MinObjects=0, CPUs=2, Nodes=1
[    0.000000] Kernel/User page tables isolation: enabled
[    0.000000] Hierarchical RCU implementation.
[    0.000000] 	Build-time adjustment of leaf fanout to 64.
[    0.000000] 	RCU restricting CPUs from NR_CPUS=512 to nr_cpu_ids=2.
[    0.000000] RCU: Adjusting geometry for rcu_fanout_leaf=64, nr_cpu_ids=2
[    0.000000] NR_IRQS:33024 nr_irqs:440 16
[    0.000000] Console: colour VGA+ 80x25
[    0.000000] console [tty1] enabled
[    0.000000] console [ttyS0] enabled
[    0.000000] tsc: Detected 2166.532 MHz processor
[    0.965887] Calibrating delay loop (skipped) preset value.. 4333.06 BogoMIPS (lpj=8666128)
[    1.005628] pid_max: default: 32768 minimum: 301
[    1.008358] ACPI: Core revision 20150930
[    1.013598] ACPI: 2 ACPI AML tables successfully acquired and loaded
[    1.044996] Security Framework initialized
[    1.058775] Yama: becoming mindful.
[    1.070558] AppArmor: AppArmor initialized
[    1.077486] Dentry cache hash table entries: 131072 (order: 8, 1048576 bytes)
[    1.148675] Inode-cache hash table entries: 65536 (order: 7, 524288 bytes)
[    1.228962] Mount-cache hash table entries: 2048 (order: 2, 16384 bytes)
[    1.240272] Mountpoint-cache hash table entries: 2048 (order: 2, 16384 bytes)
[    1.256741] Initializing cgroup subsys io
[    1.271750] Initializing cgroup subsys memory
[    1.281312] Initializing cgroup subsys devices
[    1.298022] Initializing cgroup subsys freezer
[    1.319004] Initializing cgroup subsys net_cls
[    1.327183] Initializing cgroup subsys perf_event
[    1.335706] Initializing cgroup subsys net_prio
[    1.340502] Initializing cgroup subsys hugetlb
[    1.343086] Initializing cgroup subsys pids
[    1.357413] mce: CPU supports 0 MCE banks
[    1.379860] Last level iTLB entries: 4KB 48, 2MB 0, 4MB 0
[    1.399640] Last level dTLB entries: 4KB 128, 2MB 16, 4MB 16, 1GB 0
[    1.408633] Spectre V2 : Mitigation: Full generic retpoline
[    1.417202] Spectre V2 : Spectre v2 / SpectreRSB mitigation: Filling RSB on context switch
[    1.433215] MDS: Vulnerable: Clear CPU buffers attempted, no microcode
[    1.454533] Freeing SMP alternatives memory: 36K
[    1.482842] ftrace: allocating 32293 entries in 127 pages
[    1.624477] smpboot: APIC(0) Converting physical 0 to logical package 0
[    1.637525] smpboot: Max logical packages: 1
[    1.646120] x2apic enabled
[    1.662277] Switched APIC routing to physical x2apic.
[    1.672400] ..TIMER: vector=0x30 apic1=0 pin1=2 apic2=-1 pin2=-1
[    1.786402] smpboot: CPU0: Intel(R) Celeron(R) CPU  N2830  @ 2.16GHz (family: 0x6, model: 0x37, stepping: 0x8)
[    1.804630] Performance Events: unsupported p6 CPU model 55 no PMU driver, software events only.
[    1.838556] KVM setup paravirtual spinlock
[    1.842979] x86: Booting SMP configuration:
[    1.845672] .... node  #0, CPUs:      #1
[    1.849548] kvm-clock: cpu 1, msr 0:3ffe3041, secondary cpu clock
[    1.894580] mce: CPU supports 0 MCE banks
[    1.911099] x86: Booted up 1 node, 2 CPUs
[    1.924284] smpboot: Total of 2 processors activated (8666.12 BogoMIPS)
[    1.933027] devtmpfs: initialized
[    1.946398] evm: security.selinux
[    1.969983] evm: security.SMACK64
[    1.976466] evm: security.SMACK64EXEC
[    1.980866] evm: security.SMACK64TRANSMUTE
[    1.986162] evm: security.SMACK64MMAP
[    1.990546] evm: security.ima
[    1.994282] evm: security.capability
[    1.999518] clocksource: jiffies: mask: 0xffffffff max_cycles: 0xffffffff, max_idle_ns: 7645041785100000 ns
[    2.011508] futex hash table entries: 512 (order: 3, 32768 bytes)
[    2.024157] pinctrl core: initialized pinctrl subsystem
[    2.031570] RTC time:  6:36:47, date: 05/23/19
[    2.037543] NET: Registered protocol family 16
[    2.059439] cpuidle: using governor ladder
[    2.084322] cpuidle: using governor menu
[    2.097041] PCCT header not found.
[    2.103375] ACPI: bus type PCI registered
[    2.108826] acpiphp: ACPI Hot Plug PCI Controller Driver version: 0.5
[    2.117008] PCI: Using configuration type 1 for base access
[    2.139807] ACPI: Added _OSI(Module Device)
[    2.167307] ACPI: Added _OSI(Processor Device)
[    2.186654] ACPI: Added _OSI(3.0 _SCP Extensions)
[    2.206441] ACPI: Added _OSI(Processor Aggregator Device)
[    2.217280] ACPI: Executed 1 blocks of module-level executable AML code
[    2.227376] ACPI: Interpreter enabled
[    2.235444] ACPI: (supports S0 S5)
[    2.245080] ACPI: Using IOAPIC for interrupt routing
[    2.249942] PCI: Using host bridge windows from ACPI; if necessary, use "pci=nocrs" and report a bug
[    2.274500] ACPI: PCI Root Bridge [PCI0] (domain 0000 [bus 00-ff])
[    2.288750] acpi PNP0A03:00: _OSC: OS supports [ASPM ClockPM Segments MSI]
[    2.306753] acpi PNP0A03:00: _OSC: not requesting OS control; OS requires [ExtendedConfig ASPM ClockPM MSI]
[    2.342958] acpi PNP0A03:00: fail to add MMCONFIG information, can't access extended PCI configuration space under this bridge.
[    2.385663] PCI host bridge to bus 0000:00
[    2.391551] pci_bus 0000:00: root bus resource [io  0x0000-0x0cf7 window]
[    2.399539] pci_bus 0000:00: root bus resource [io  0x0d00-0xffff window]
[    2.408123] pci_bus 0000:00: root bus resource [mem 0x000a0000-0x000bffff window]
[    2.458213] pci_bus 0000:00: root bus resource [mem 0x40000000-0xfdffffff window]
[    2.473864] pci_bus 0000:00: root bus resource [bus 00-ff]
[    2.492470] pci 0000:00:01.1: legacy IDE quirk: reg 0x10: [io  0x01f0-0x01f7]
[    2.556655] pci 0000:00:01.1: legacy IDE quirk: reg 0x14: [io  0x03f6]
[    2.564549] pci 0000:00:01.1: legacy IDE quirk: reg 0x18: [io  0x0170-0x0177]
[    2.573878] pci 0000:00:01.1: legacy IDE quirk: reg 0x1c: [io  0x0376]
[    2.681176] pci 0000:00:07.0: quirk: [io  0x4000-0x403f] claimed by PIIX4 ACPI
[    2.700662] pci 0000:00:07.0: quirk: [io  0x4100-0x410f] claimed by PIIX4 SMB
[    2.768642] ACPI: PCI Interrupt Link [LNKA] (IRQs 5 9 10 *11)
[    2.785463] ACPI: PCI Interrupt Link [LNKB] (IRQs 5 9 *10 11)
[    2.794517] ACPI: PCI Interrupt Link [LNKC] (IRQs 5 *9 10 11)
[    2.803248] ACPI: PCI Interrupt Link [LNKD] (IRQs 5 9 10 *11)
[    2.812821] ACPI: Enabled 2 GPEs in block 00 to 07
[    2.821511] vgaarb: setting as boot device: PCI:0000:00:02.0
[    2.857902] vgaarb: device added: PCI:0000:00:02.0,decodes=io+mem,owns=io+mem,locks=none
[    2.872529] vgaarb: loaded
[    2.881316] vgaarb: bridge control possible 0000:00:02.0
[    2.888057] SCSI subsystem initialized
[    2.892932] ACPI: bus type USB registered
[    2.897807] usbcore: registered new interface driver usbfs
[    2.909386] usbcore: registered new interface driver hub
[    2.916709] usbcore: registered new device driver usb
[    2.923177] PCI: Using ACPI for IRQ routing
[    2.928899] NetLabel: Initializing
[    2.933183] NetLabel:  domain hash size = 128
[    2.938278] NetLabel:  protocols = UNLABELED CIPSOv4
[    2.943956] NetLabel:  unlabeled traffic allowed by default
[    2.959755] amd_nb: Cannot enumerate AMD northbridges
[    2.966168] clocksource: Switched to clocksource kvm-clock
[    2.991439] AppArmor: AppArmor Filesystem Enabled
[  2981]pnp: PnP ACPI init
[    3.333383] pnp: PnP ACPI: found 3 devices
[    3.385932] clocksource: acpi_pm: mask: 0xffffff max_cycles: 0xffffff, max_idle_ns: 2085701024 ns
[    3.398670] NET: Registered protocol family 2
[    3.410701] TCP established hash table entries: 8192 (order: 4, 65536 bytes)
[    3.421121] TCP bind hash table entries: 8192 (order: 5, 10 bes
[  3.77656 T: shabes configured (established 8192 bind 8192)
[    4.365501] UDP hash table entries: 512 (order: 2, 16384 bytes)
[    4.373037] UDP-Lite hash table entries: 512 (order: 2, 16384 bytes)
[  4.061]ET: Registered protocol family 1
[    4.722795] pci 0000:00:00.0: Limiting direct PCI/PCI transfers
[    4.729450] pci 0000:00:01.0: Activating ISA DMA hang workarounds
[  4.736681] Unpacking initramfs...

[    5.313313] Freeing initrd memory: 14828K
[    5.363141] clocksource: tsc: mask: 0xffffffffffff m_cle 0f32c26, max_idle_ns: 440795239002 ns
[    6.139435] platform rtc_cmos: registered platform RTC device (no PNP device found)
[  6.149597] Scanning for low memory corruption ery 60 seconds
[    6.365553] audit: initializing netlink subsys (disabled)
[    6.371883] audit: type=2000 audit(1558593416.258:1): initialized
[    6.383848] Initialise system trusted keyring
[    6.444451] HugeTLB registered 2 MB page size, pre-allocated 0 pages
[    6.509895] zbud: loaded
[    6.515096] VFS: Disk quotas dquot_6.6.0
[    6.529510] VFS: Dquot-cache hash table entries: 512 (order 0, 4096 bytes)
[    6.539278] squashfs: version 4.0 (2009/01/31) Phillip Lougher
[    6.555505] fuse init (API version 7.23)
[    6.560583] Key type big_key registered
[    6.570279] Allocating IMA MOK and blacklist keyrings.
[    6.584496] Key type asymmetric registered
[    6.587140] Asymmetric key parser 'x509' registered
[    6.627497] Block layer SCSI generic (bsg) driver version 0.4 loaded (major 249)
[    6.635664] io scheduler noop registered
[    6.728238] io scheduler deadline registered (default)
[    6.753436] io scheduler cfq registered
[    6.825341] pci_hotplug: PCI Hot Plug PCI Core version: 0.5
[    7.017097] pciehp: PCI Express Hot Plug Controller Driver version: 0.4
[    7.041182] ACPI: AC Adapter [AC] (on-line)
[    7.069365] input: Power Button as /devices/LNXSYSTM:00/LNXPWRBN:00/input/input0
[    .251821] ACPI: Power Button [PWRF]
[    7.354269] input: Sleep Button as /devices/LNXSYSTM:00/LNXSLPBN:00/input/input1
[    7.364452] ACPI: Sleep Button [SLPF]
[    7.369963] GHES: HEST is not enabled!
[    7.371602] ACPI: Battery Slot [BAT0] (battery present)
[    7.382507] Serial: 8250/16550 driver, 32 ports, IRQ sharing enabled
[    7.421956] 00:02: ttyS0 at I/O 0x3f8 (irq = 4, base_baud = 115200) is a 16550A
[    446446] Linux agpgart interface v0.103

[    7.573994] loop: module loaded
[    7.584653] scsi host0: ata_piix
[    7.591400] scsi host1: ata_piix
[    7.595805] ata1: PATA max UDMA/33 cmd 0x1f0 ctl 0x3f6 bmdma 0xd000 irq 14
[    7.603426] ata2: PATA max UDMA/33 cmd 0x170 ctl 0x376 bmdma 0xd008 irq 15
[    7.616104] libphy: Fixed MDIO Bus: probed
[    7.621056] tun: Universal TUN/TAP device driver, 1.6
[    7.627090] tun: (C) 1999-2004 Max Krasnyansky <maxk@qualcomm.com>
[    7.636792] PPP genic dveveio2.2
[    8.304032] ehci_hcd: USB 2.0 'Enhanced' Host Controller (EHCI) Driver
[    8.312316] ehci-pci: EHCI PCI platform driver
[    8.320033] ehci-platform: EHCI generic platform driver
[    8.329180] ohci_hcd: USB 1.1 'Open' Host Controller (OHCI) Driver
[    8.335393] ohci-pci: OHCI PCI platform driver
[    8.338087] ohci-platform: OHCI generic platform driver
[    8.357352] uhci_hcd: USB Universal Host Controller Interface driver
[    8.364570] i8042: PNP: PS/2 Controller [PNP0303:PS2K,PNP0f03:PS2M] at 0x60,0x64 irq 1,12
[    8.375026] serio: i8042 KBD port at 0x60,0x64 irq 1
[    8.386047] serio: i8042 AUX port at 0x60,0x64 irq 12
[    8.398119] mousedev: PS/2 mouse device common for all mice
[    8.408439] input: AT Translated Set 2 keyboard as /devices/platform/i8042/serio0/input/input2
[    8.425950] rtc_cmos rtc_cmos: rtc core: registered rtc_cmos as rtc0
[    8.430210] rtc_cmos rtc_cmos: alarms up to one day, 114 bytes nvram
[    8.457650] i2c /dev entries driver
[    8.460159] device-mapper: uevent: version 1.0.3
[    8.463556] device-mapper: ioctl: 4.34.0-ioctl (2015-10-28) initialised: dm-devel@redhat.com
[    8.475337] ledtrig-cpu: registered to indicate activity on CPUs
[    8.484488] NET: Registered protocol family 10
[    8.592734] NET: Registered protocol family 17
[    8.614233] Key type dns_resolver registered
[    8.664800] registered taskstats version 1
[    8.688934] Loading compiled-in X.509 certificates
[    8.694100] Loaded X.509 cert 'Build time autogenerated kernel key: 5103689f9da3e841c6100f8bb032b132cf76e38d'
[    8.725738] zswap: loaded using pool lzo/zbud
[    8.736185] Key type trusted registered
[    8.781104] Key type encrypted registered
[    8.804449] AppArmor: AppArmor sha1 policy hashing enabled
[    8.824555] ima: No TPM chip found, activating TPM-bypass!
[    8.833533] ima: Allocated hash algorithm: sha1
[    8.837234] evm: HMAC attrs: 0x1
[    8.846745]   Magic number: 3:936:620
[    8.849515] rtc_cmos rtc_cmos: setting system clock to 2019-05-23 06:36:54 UTC (1558593414)
[    8.860870] BIOS EDD facility v0.16 2004-Jun-25, 0 devices found
[    8.888391] EDD information not available.
[    8.907438] Freeing unused kernel memory: 1484K
[    8.930615] Write protecting the kernel read-only data: 14336k
[    9.047975] Freeing unused kernel memory: 1620K
[    9.097509] Freeing unused kernel memory: 68K
Loading, please wait...
starting version[    9.229811] random: systemd-udevd: uninitialized urandom read (16 bytes read, 3 bits of entropy available)
 229
[    9.235197] random: udevadm: uninitialized urandom read (16 bytes read, 3 bits of entropy available)
[    9.235268] random: udevadm: uninitialized urandom read (16 bytes read, 3 bits of entropy available)
[    9.287497] random: udevadm: uninitialized urandom read (16 bytes read, 3 bits of entropy available)
[    9.287647] random: udevadm: uninitialized urandom read (16 bytes read, 3 bits of entropy available)
[    9.288217] random: udevadm: uninitialized urandom read (16 bytes read, 3 bits of entropy available)
[    9.288440] random: udevadm: uninitialized urandom read (16 bytes read, 3 bits of entropy available)
[    9.288808] random: udevadm: uninitialized urandom read (16 bytes read, 3 bits of entropy available)
[    9.289039] random: udevadm: uninitialized urandom read (16 bytes read, 3 bits of entropy available)
[    9.289254] random: udevadm: uninitialized urandom read (16 bytes read, 3 bits of entropy available)
[    9.587634] e1000: Intel(R) PRO/1000 Network Driver - version 7.3.21-k8-NAPI
[    9.616250] e1000: Copyright (c) 1999-2006 Intel Corporation.
[    9.638413] Fusion MPT base driver 3.04.20
[    9.658682] Copyright (c) 1999-2008 LSI Corporation
[    9.794182] Fusion MPT SPI Host driver 3.04.20
[    9.942072] input: ImExPS/2 Generic Explorer Mouse as /devices/platform/i8042/serio1/input/input4
[   10.232484] e1000 0000:00:03.0 eth0: (PCI:33MHz:32-bit) 02:5b:c0:ee:75:0a
[   10.240718] e1000 0000:00:03.0 eth0: Intel(R) PRO/1000 Network Connection
[   10.252243] mptbase: ioc0: Initiating bringup
[   10.271500] e1000 0000:00:03.0 enp0s3: renamed from eth0
[   10.315851] ioc0: LSI53C1030 A0: Capabilities={Initiator}
[   10.502847] scsi host2: ioc0: LSI53C1030 A0, FwRev=00000000h, Ports=1, MaxQ=256, IRQ=20
[   10.655760] scsi 2:0:0:0: Direct-Access     VBOX     HARDDISK         1.0  PQ: 0 ANSI: 5
[   10.669789] scsi target2:0:0: Beginning Domain Validation
[   10.698352] scsi target2:0:0: Domain Validation skipping write tests
[   10.714498] scsi target2:0:0: Ending Domain Validation
[   10.718157] scsi target2:0:0: asynchronous
[   10.722271] scsi 2:0:1:0: Direct-Access     VBOX     HARDDISK         1.0  PQ: 0 ANSI: 5
[   10.735355] scsi target2:0:1: Beginning Domain Validation
[   10.743702] scsi target2:0:1: Domain Validation skipping write tests
[   10.753641] scsi target2:0:1: Ending Domain Validation
[   10.757102] scsi target2:0:1: asynchronous
[   10.782693] sd 2:0:0:0: [sda] 20971520 512-byte logical blocks: (10.7 GB/10.0 GiB)
[   10.822437] sd 2:0:0:0: Attached scsi generic sg0 type 0
[   10.833556] sd 2:0:0:0: [sda] Write Protect is off
[   10.843812] sd 2:0:1:0: [sdb] 20480 512-byte logical blocks: (10.5 MB/10.0 MiB)
[   10.843942] sd 2:0:1:0: Attached scsi generic sg1 type 0
[   10.851135] sd 2:0:0:0: [sda] Incomplete mode parameter data
[   10.851139] sd 2:0:0:0: [sda] Assuming drive cache: write through
[   10.888302] sd 2:0:1:0: [sdb] Write Protect is off
[   10.916623] sd 2:0:1:0: [sdb] Incomplete mode parameter data
[   10.950679] sd 2:0:1:0: [sdb] Assuming drive cache: write through
[   10.982030]  sda: sda1
[   10.999697] sd 2:0:0:0: [sda] Attached SCSI disk
[   11.008386] sd 2:0:1:0: [sdb] Attached SCSI disk
Begin: Loading e[   13.406066] md: linear personality registered for level -1
ssential drivers ... [   13.447822] md: multipath personality registered for level -4
[   13.463121] md: raid0 personality registered for level 0
[   13.482331] md: raid1 personality registered for level 1
[   13.574456] raid6: sse2x1   gen()   675 MB/s
[   13.650215] raid6: sse2x1   xor()  2300 MB/s
[   13.727545] raid6: sse2x2   gen()   751 MB/s
[   13.800184] raid6: sse2x2   xor()  2903 MB/s
[   13.906363] raid6: sse2x4   gen()  1005 MB/s
[   13.998519] raid6: sse2x4   xor()   916 MB/s
[   14.015803] raid6: using algorithm sse2x4 gen() 1005 MB/s
[   14.033939] raid6: .... xor() 916 MB/s, rmw enabled
[   14.084640] raid6: using ssse3x2 recovery algorithm
[   14.155895] xor: measuring software checksum speed
[   14.206178]    prefetch64-sse:  7022.000 MB/sec
[   14.250226]    generic_sse:  6519.000 MB/sec
[   14.260215] xor: using function: prefetch64-sse (7022.000 MB/sec)
[   14.280165] async_tx: api initialized (async)
[   14.324839] md: raid6 personality registered for level 6
[   14.368028] md: raid5 personality registered for level 5
[   14.375108] md: raid4 personality registered for level 4
[   14.400435] md: raid10 personality registered for level 10
done.
Begin: Running /scripts/init-premount ... done.
Begin: Mounting root file system ... Begin: Running /scripts/local-top ... done.
Begin: Running /scripts/local-premount ... [   14.533568] Btrfs loaded
Scanning for Btrfs filesystems
done.
Warning: fsck not present, so skipping root file system
[   14.836122] EXT4-fs (sda1): mounted filesystem with ordered data mode. Opts: (null)
done.
Begin: Running /scripts/local-bottom ... done.
Begin: Running /scripts/init-bottom ... done.
[   16.007197] random: nonblocking pool  initialized

[   16.315595] systemd[1]: systemd 229 running in system mode. (+PAM +AUDIT +SELINUX +IMA +APPARMOR +SMACK +SYSVINIT +UTMP +LIBCRYPTSETUP +GCRYPT +GNUTLS +ACL +XZ -LZ4 +SECCOMP +BLKID +ELFUTILS +KMOD -IDN)
[   16.343403] systemd[1]: Detected virtualization oracle.
[   16.360591] systemd[1]: Detected architecture x86-64.

Welcome to [1mUbuntu 16.04.6 LTS[0m!

[   16.527032] systemd[1]: Set hostname to <ubuntu>.
[   16.564168] systemd[1]: Initializing machine ID from random generator.
[   16.593288] systemd[1]: Installed transient /etc/machine-id file.
[  18.218302] systemd[1]: Listening on LVM2 poll daemon socket.
[[0;32m  OK  [0m] Listening on LVM2 poll daemon socket.
[   18.331870] systemd[1]: Listening on udev Kernel Socket.
[[0;32m  OK  [0m] Listening on udev Kernel Socket.
[   18.344995] systemd[1]: Listening on /dev/initctl Compatibility Named Pipe.
[[0;32m  OK  [0m] Listening on /dev/initctl Compatibility Named Pipe.
[   18.362482] systemd[1]: Created slice System Slice.
[[0;32m  OK  [0m] Created slice System Slice.
[ 18.377795] systemd[1]: Set up automount Arbitrary Executable File Formats File System Automount Point.
[[0;32m  OK  [0m] Set up automount Arbitrary Executab...ats File System Automount Point.
[   18.662852] systemd[1]: Listening on Syslog Socket.
[[0;32m  OK  [0m] Listening on Syslog Socket.
[ 18755] systemd[1]: Reached target System Time Synchronized.
[[0;32m  OK  [0m] Reached target System Time Synchronized.
[ 18.999532] system1] Listening on Journal Audit Socket.
[[0;32m  OK  [0m] Listening on Journal Audit Socket.
[   19.547275] systemd[1]: Started Trigger resolvconf update for networkd DS.
[[0;32m  OK  [0m] Started Trigger resolvconf update for networkd DNS.
[   19.658791] systemd[1]: Listening on LVM2 metadata daemon socket.
[[0;32m  OK  [0m] Listening on LVM2 metadata daemon socket.
[   19.666007] systemd[1]: Listening on Journal Socket (/dev/log).
[[0;32m  OK  [0m] Listening on Journal Socket (/dev/log).
[   19.686060] systemd[1]: Listening on udev Control Socket.
[[0;32m  OK  [0m] Listening on udev Control Socket.
[   19.706457] systemd[1]: Listening on Device-mapper event daemon FIFOs.
[[0;32m  OK  [0m] Listening on Device-mapper event daemon FIFOs.
[   19.738745] systemd[1]: Reached target Encrypted Volumes.

[[0;32m  OK  [0m] Reached target Encrypted Volumes.
[   19.805535] systemd[1]: Created slice system-serial\x2dgetty.slice.
[[0;32m  OK  [0m] Created slice system-serial\x2dgetty.slice.
[   19.825418] systemd[1]: Created slice User and Session Slice.
[[0;32m  OK  [0m] Created slice User and Session Slice.
[   19.853586] systemd[1]: Reached target Slices.
[[0;32m  OK  [0m] Reached target Slices.
[   19.861510] systemd[1]: Reached target User and Group Name Lookups.
[[0;32m  OK  [0m] Reached target User and Group Name Lookups.
[   19.871513] systemd[1]: Listening on Journal Socket.
[[0;32m  OK  [0m] Listening on Journal Socket.
[   19.894670] systemd[1]: Starting Set console keymap...
         Starting Set console keymap...
[   19.938032] systemd[1]: Starting Nameserver information manager...
         Starting Nameserver information manager...
[   19.954495] systemd[1]: Mounting Huge Pages File System...
         Mounting Huge Pages File System...
[   19.976310] systemd[1]: Starting Uncomplicated firewall...
         Starting Uncomplicated firewall...
[   20.001871] systemd[1]: Starting Journal Service...
         Starting Journal Service...
[   20.027242] systemd[1]: Starting Monitoring of LVM2 mirrors, snapshots etc. using dmeventd or progress polling...
         Starting Monitoring of LVM2 mirrors... dmeventd or progress polling...
[   20.179162] systemd[1]: Mounting Debug File System...
         Mounting Debug File System...
[   20.203260] systemd[1]: Starting Create list of required static device nodes for the current kernel...
         Starting Create list of required st... nodes for the current kernel...
[   20.308198] systemd[1]: Starting Load Kernel Modules...
         Starting Load Kernel Modules...
[   20.342044] systemd[1]: Mounting POSIX Message Queue File System...
         Mounting POSIX Message Queue File System...
[   20.445445] systemd[1]: Starting Remount Root and Kernel File Systems...
         Starting Remount Root and Kernel File Systems...
[   20.484272] systemd[1]: Started Forward Password Requests to Wall Directory Watch.
[[0;32m  OK  [0m] Started Forward Password Requests to Wall Directory Watch.
[   20.539345] EXT4-fs (sda1): re-mounted. Opts: (null)
[   20.550925] systemd[1]: Reached target Swap.
[[0;32m  OK  [0m] Reached target Swap.
[   20.597311] Loading iSCSI transport class v2.0-870.
[   20.633900] systemd[1]: Mounted POSIX Message Queue File System.
[[0;32m  OK  [0m] Mounted POSIX Message Queue File System.
[   20.667037] systemd[1]: Mounted Huge Pages File System.
[[0;32m  OK  [[   20.732432] iscsi: registered transport (tcp)
0m] Mounted Huge Pages File System.
[   20.837070] systemd[1]: Mounted Debug File System.
[[0;32m  OK  [0m] Mounted Debug File System.
[   20.875118] systemd[1]: Started Journal Service.
[[0;32m  OK  [0m] Started Journal Service.
[[0;32m  OK  [0m] Started Set console keymap.
[[0;32m  OK  [0m] Started Uncomplicated firewall.
[[0;32m  OK  [0m] Started Create list of required sta...ce nodes for the current kernel.
[[0;32m  OK  [0m] Started Remount Root and Kernel File Systems.
[[0;32m  OK  [0m] Started Nameserver information manager.
[   21.063091] iscsi: registered transport (iser)
[[0;32m  OK  [0m] Started Load Kernel Modules.
         Mounting FUSE Control File System...
         Starting Apply Kernel Variables...
[[0;32m  OK  [0m] Started LVM2 metadata daemon.
         Starting udev Coldplug all Devices...
         Starting Load/Save Random Seed...
         Starting Create Static Device Nodes in /dev...
         Starting Flush Journal to Persistent Storage...
[[0;32m  OK  [0m] Mounted FUSE Control File System.
[[0;32m  OK  [0m] Started Apply Kernel Variables.
[[0;32m  OK  [0m] Started Monitoring of LVM2 mirrors,...ng dmeventd or progress polling.
[[0;32m  OK  [0m] Started Load/Save Random Seed.
[[0;32m  OK  [0m] Started Create Static Device Nodes in /dev.
[[0;32m  OK  [0m] Started udev Coldplug all Devices.
         Starting udev Kernel Device Manager...
[[0;32m  OK  [0m] Reached target Local File Systems (Pre).
[[0;32m  OK  [0m] Reached target Local File Systems.
         Starting LSB: AppArmor initialization...
         Starting Set console font and keymap...
         Starting Commit a transient machine-id on disk...
         Starting Initial cloud-init job (pre-networking)...
         Starting Tell Plymouth To Write Out Runtime Data...
[[0;32m  OK  [0m] Started Flush Journal to Persistent Storage.
[[0;32m  OK  [0m] Started Commit a transient machine-id on disk.
         Starting Create Volatile Files and Directories...
[[0;32m  OK  [0m] Started Tell Plymouth To Write Out Runtime Data.
[[0;32m  OK  [0m] Started Create Volatile Files and Directories.
         Starting Update UTMP about System Boot/Shutdown...
[[0;32m  OK  [0m] Started Update UTMP about System Boot/Shutdown.
[[0;32m  OK  [0m] Started udev Kernel Device Manager.
[[0;32m  OK  [0m] Started Dispatch Password Requests to Console Directory Watch.
[[0;32m  OK  [0m] Found device /dev/ttyS0.
[[0;32m  OK  [0m] Listening on Load/Save RF Kill Switch Status /dev/rfkill Watch.
[[0;32m  OK  [0m] Started Set console font and keymap.
[[0;32m  OK  [0m] Created slice system-getty.slice.
[[0;32m  OK  [0m] Started LSB: AppArmor initialization.
[   28.259262] cloud-init[462]: Cloud-init v. 18.5-45-g3554ffe8-0ubuntu1~16.04.1 running 'init-local' at Thu, 23 May 2019 06:37:14 +0000. Up 26.99 seconds.
[[0;32m  OK  [0m] Started Initial cloud-init job (pre-networking).
[[0;32m  OK  [0m] Reached target Network (Pre).
         Starting Raise network interfaces...
[[0;32m  OK  [0m] Started Raise network interfaces.
         Starting Initial cloud-init job (metadata service crawler)...
[[0;32m  OK  [0m] Reached target Network.
[   34.045745] cloud-init[930]: Cloud-init v. 18.5-45-g3554ffe8-0ubuntu1~16.04.1 running 'init' at Thu, 23 May 2019 06:37:18 +0000. Up 30.67 seconds.
[   34.159325] cloud-init[930]: ci-info: ++++++++++++++++++++++++++++++++++++++Net device info++++++++++++++++++++++++++++++++++++++
[   34.202028] cloud-init[930]: ci-info: +--------+------+----------------------------+---------------+--------+-------------------+
[   34.237164] cloud-init[930]: ci-info: | Device |  Up  |          Address           |      Mask     | Scope  |     Hw-Address    |
[   34.262447] cloud-init[930]: ci-info: +--------+------+----------------------------+---------------+--------+-------------------+
[   34.287944] cloud-init[930]: ci-info: | enp0s3 | True |         10.0.2.15          | 255.255.255.0 | global | 02:5b:c0:ee:75:0a |
[   34.348248] cloud-init[930]: ci-info: | enp0s3 | True | fe80::5b:c0ff:feee:750a/64 |       .       |  link  | 02:5b:c0:ee:75:0a |
[   34.391481] cloud-init[930]: ci-info: |   lo   | True |         127.0.0.1          |   255.0.0.0   |  host  |         .         |
[   34.473344] cloud-init[930]: ci-info: |   lo   | True |          ::1/128           |       .       |  host  |         .         |
[   34.521493] cloud-init[930]: ci-info: +--------+------+----------------------------+---------------+--------+-------------------+
[   34.563095] cloud-init[930]: ci-info: +++++++++++++++++++++++++++Route IPv4 info++++++++++++++++++++++++++++
[   34.656171] cloud-init[930]: ci-info: +-------+-------------+----------+---------------+-----------+-------+
[   34.699363] cloud-init[930]: ci-info: | Route | Destination | Gateway  |    Genmask    | Interface | Flags |
[   34.738759] cloud-init[930]: ci-info: +-------+-------------+----------+---------------+-----------+-------+
[   34.782750] cloud-init[930]: ci-info: |   0   |   0.0.0.0   | 10.0.2.2 |    0.0.0.0    |   enp0s3  |   UG  |
[   34.844987] cloud-init[930]: ci-info: |   1   |   10.0.2.0  | 0.0.0.0  | 255.255.255.0 |   enp0s3  |   U   |
[   34.900737] cloud-init[930]: ci-info: +-------+-------------+----------+---------------+-----------+-------+
[   34.954162] cloud-init[930]: ci-info: +++++++++++++++++++Route IPv6 info+++++++++++++++++++
[   34.987436] cloud-init[930]: ci-info: +-------+-------------+---------+-----------+-------+
[   35.015598] cloud-init[930]: ci-info: | Route | Destination | Gateway | Interface | Flags |
[   35.042333] cloud-init[930]: ci-info: +-------+-------------+---------+-----------+-------+
[   35.061273] cloud-init[930]: ci-info: |   0   |  fe80::/64  |    ::   |   enp0s3  |   U   |
[   35.114631] cloud-init[930]: ci-info: |   4   |   ff00::/8  |    ::   |   enp0s3  |   U   |
[   35.216973] cloud-init[930]: ci-info: +-------+-------------+---------+-----------+-------+
[[   35.290353] cloud-init[930]: Generating public/private rsa key pair.
[   35.319214] cloud-init[930]: Your identification has been saved in /etc/ssh/ssh_host_rsa_key.
[   35.319752] cloud-init[930]: Your public key has been saved in /etc/ssh/ssh_host_rsa_key.pub.
[   35.320212] cloud-init[930]: The key fingerprint is:
[   35.320661] cloud-init[930]: SHA256:T10OMAjGAGFcEpG0WYKfMYtuHTqXSe6NZR4pF3nxy0M root@ubuntu-xenial
[   35.323565] cloud-init[930]: The key's randomart image is:
[   35.324096] cloud-init[930]: +---[RSA 2048]----+
[   35.324519] cloud-init[930]: | +XB+oo. .o      |
[   35.324915] cloud-init[930]: |..=* ....  o     |
[   35.326052] cloud-init[930]: | oo=  . o   . .  |
[   35.326467] cloud-init[930]: |. +o o . E . +   |
[   35.326878] cloud-init[930]: |. = + + S o . .  |
[   35.327285] cloud-init[930]: | = B *   *       |
[   35.327682] cloud-init[930]: |. + O .   o      |
[   35.328080] cloud-init[930]: |   o o           |
[   35.328516] cloud-init[930]: |                 |
[   35.328922] cloud-init[930]: +----[SHA256]-----+
[0;32m  OK  [0m] Started Initial cloud-init job (metadata service crawler).
[   35.358151] cloud-init[930]: Generating public/private dsa key pair.
[   36.256839] cloud-init[930]: Your identification has been saved in /etc/ssh/ssh_host_dsa_key.
[   36.302950] cloud-init[930]: Your public key has been saved in /etc/ssh/ssh_host_dsa_key.pub.
[   36.303672] cloud-init[930]: The key fingerprint is:
[[0;32m  OK  [0m] Reached target Network is Online.
[   36.303987] cloud-init[930]: SHA256:H8WURHNkKkIf1dpwo2Ooz6EKcHf5DlnvTtcjnMGZZAw root@ubuntu-xenial
         [   36.419858] Starting iSCSI initiator daemon (iscsid)...
cloud-init[930]: The key's randomart image is:
[   36.467528] cloud-init[930]: +---[DSA 1024]----+
[   36.468891] [[0;32m  OK  [0m] Reached target Cloud-config availability.
cloud-init[930]: |        . .E*++  |
[   36.531827] cloud-init[930]: |       . . +==+  |
[   36.563945] cloud-init[930]: |        . o.+X . |
[   36.598795] cloud-init[930]: |         o.oO +  |
[   36.628488] cloud-init[930]: |  . . . S.o. *   |
[   36.653132] cloud-init[930]: [[0;32m  OK  [0m] Reached target System Initialization.
[[0;32m  OK  [0m] Listening on UUID daemon activation socket.
|   o . ..=.o. o. |
[   36.700917] cloud-init[930]: |    .   o+o.o+...|
[   36.701614] cloud-init[930]: |     .  .ooo .. .|
[   36.718591] cloud-init[930]: |      ..  ..o    |
[   36.733125] cloud-init[930]: +----[SHA256]-----+
[   36.735377] cloud-init[930]: Generating public/private ecdsa key pair.
[   36.774807] cloud-init[930]: Your identification has been saved in /etc/ssh/ssh_host_ecdsa_key.
[   36.804187] cloud-init[930]: Your public key has been saved in /etc/ssh/ssh_host_ecdsa_key.pub.
[   36.817668] cloud-init[930]: The key fingerprint is:
[   36.817907] cloud-init[930]: SHA256:OPJ5NGsW6YXSECr4UkFYgfOuN/QoJZ0xy9xaDpoEjjg root@ubuntu-xenial
[   36.818103] cloud-init[930]: The key's randomart image is:
[   36.818294] cloud-init[930]: +---[ECDSA 256]---+
[   36.818487] cloud-init[930]: | ==.  .          |
[   36.818675] cloud-init[930]: |+. . . .         |
[   36.818868] cloud-init[930]: |.oo . .          |
[   36.819058] cloud-init[930]: |.o+.   + o       |
[   36.819246] cloud-init[930]: |*=.*. + S .      |
[   36.819438] cloud-init[930]: |E+@ oo * =       |
[   36.819681] cloud-init[930]: |.O B  o *        |
[   36.819889] cloud-init[930]: |= = o  +         |
[   36.820285] cloud-init[930]: | o .             |
[[0;32m  OK  [0m] Listening on D-Bus System Message Bus Socket.
[   36.825278] cloud-init[930]: +----[SHA256]-----+
[   37.862843] cloud-init[930]: Generating public/private ed25519 key pair.
[[0;32m  OK  [0m] Listening on ACPID Listen Socket.
[   37.863097] cloud-init[930]: Your identification has been saved in /etc/ssh/ssh_host_ed25519_key.
[[0;32m  OK  [0m] Started Daily Cleanup of Temporary Directories.[   38.066648] cloud-init[930]: Your public key has been saved in /etc/ssh/ssh_host_ed25519_key.pub.
[   38.081833] cloud-init[930]: The key fingerprint is:
[   38.099281] cloud-init[930]: SHA256:kV0UkCggitqJlfMQQY8gzJUCnHjVXNh/BK2HnTvkngg root@ubuntu-xenial
[   38.099638] cloud-init[930]: The key's randomart image is:
[   38.099953] cloud-init[930]: +--[ED25519 256]--+
[   38.100192] cloud-init[930]: |X.B+++ +..o*+.   |
[   38.100502] cloud-init[930]: |+O.B  = oo..o    |
[   38.100717] cloud-init[930]: |o.B .  .o..= .   |
[   38.101006] cloud-init[930]: |.+ =     .+ *    |
[   38.101275] cloud-init[930]: |o o .   S  = .   |
[   38.101474] cloud-init[930]: |        E   +    |
[   38.114218] cloud-init[930]: |         . o o   |
[   38.114450] cloud-init[930]: |          . o    |
[   38.115377] cloud-init[930]: |                 |
[   38.115593] cloud-init[930]: +----[SHA256]-----+

[[0;32m  OK  [0m] Started ACPI Events Check.
[[0;32m  OK  [0m] Reached target Paths.
[[0;32m  OK  [0m] Started Daily apt download activities.
         Starting Socket activation for snappy daemon.
         Starting LXD - unix socket.
[[0;32m  OK  [0m] Started Daily apt upgrade and clean activities.
[[0;32m  OK  [0m] Reached target Timers.
[[0;32m  OK  [0m] Listening on Socket activation for snappy daemon.
[[0;32m  OK  [0m] Listening on LXD - unix socket.
[[0;32m  OK  [0m] Started iSCSI initiator daemon (iscsid).
         Starting Login to default iSCSI targets...
[[0;32m  OK  [0m] Reached target Sockets.
[[0;32m  OK  [0m] Reached target Basic System.
         Starting LXD - container startup/shutdown...
         Starting Virtualbox guest utils...
[[0;32m  OK  [0m] Started ACPI event daemon.
[[0;32m  OK  [0m] Started D-Bus System Message Bus.
         Starting LSB: MD monitoring daemon...
[[0;32m  OK  [0m] Started Regular background program processing daemon.
         Starting /etc/rc.local Compatibility...
[[0;32m  OK  [0m] Started Unattended Upgrades Shutdown.
[[0;32m  OK  [0m] Started Deferred execution scheduler.
         Starting Pollinate to seed the pseudo random number generator...
         Starting Login Service...
         Starting System Logging Service...
         Starting Accounts Service...
         Starting LSB: Record successful boot for GRUB...
[[0;32m  OK  [0m] Started FUSE filesystem for LXC.
         Starting Snappy daemon...
[[0;32m  OK  [0m] Started /etc/rc.local Compatibility.
[[0;32m  OK  [0m] Started Login Service.
[[0;32m  OK  [0m] Started System Logging Service.
[[0;32m  OK  [0m] Started Login to default iSCSI targets.
[[0;32m  OK  [0m] Reached target Remote File Systems (Pre).
[[0;32m  OK  [0m] Reached target Remote File Systems.
         Starting LSB: automatic crash report generation...
         Starting LSB: Set the CPU Frequency Scaling governor to "ondemand"...
         Starting Permit User Sessions...
         Starting LSB: daemon to balance interrupts for SMP systems...
[[0;32m  OK  [0m] Started LSB: MD monitoring daemon.
[[0;32m  OK  [0m] Started LSB: Record successful boot for GRUB.
[[0;32m  OK  [0m] Started Permit User Sessions.
[[0;32m  OK  [0m] Started LSB: Set the CPU Frequency Scaling governor to "ondemand".
         Starting Hold until boot process finishes up...
         Starting Terminate Plymouth Boot Screen...
[[0;32m  OK  [0m] Started Virtualbox guest utils.
[[0;32m  OK  [0m] Started LSB: automatic crash report generation.
[[0;32m  OK  [0m] Started Hold until boot process finishes up.
[[0;32m  OK  [0m] Started LXD - container startup/shutdown.
[[0;32m  OK  [0m] Started LSB: daemon to balance interrupts for SMP systems.
[[0;32m  OK  [0m] Started Terminate Plymouth Boot Screen.
         Starting Authenticate and Authorize Users to Run Privileged Tasks...
[[0;32m  OK  [0m] Started Serial Getty on ttyS0.
[[0;32m  OK  [0m] Started Getty on tty1.
[[0;32m  OK  [0m] Reached target Login Prompts.
         Starting Set console scheme...
[[0;32m  OK  [0m] Started Set console scheme.
[[0;32m  OK  [0m] Started Authenticate and Authorize Users to Run Privileged Tasks.
[[0;32m  OK  [0m] Started Accounts Service.
[[0;32m  OK  [0m] Started Snappy daemon.
         Starting Wait until snapd is fully seeded...
[[0;32m  OK  [0m] Started Pollinate to seed the pseudo random number generator.
         Starting OpenBSD Secure Shell server...
[[0;32m  OK  [0m] Started OpenBSD Secure Shell server.
[[0;32m  OK  [0m] Created slice User Slice of vagrant.
         Starting User Manager for UID 1000...
[[0;32m  OK  [0m] Started Session 1 of user vagrant.
[[0;32m  OK  [0m] Started User Manager for UID 1000.

Ubuntu 16.04.6 LTS ubuntu-xenial ttyS0

ubuntu-xenial login: [   54.657485] cloud-init[1407]: Generating locales (this might take a while)...
[   58.105557] cloud-init[1407]:   en_US.UTF-8... done
[   58.113947] cloud-init[1407]: Generation complete.
[   60.716244] cloud-init[1407]: Cloud-init v. 18.5-45-g3554ffe8-0ubuntu1~16.04.1 running 'modules:config' at Thu, 23 May 2019 06:37:41 +0000. Up 53.86 seconds.
ci-info: no authorized ssh keys fingerprints found for user ubuntu.
<14>May 23 06:37:50 ec2: 
<14>May 23 06:37:50 ec2: #############################################################
<14>May 23 06:37:50 ec2: -----BEGIN SSH HOST KEY FINGERPRINTS-----
<14>May 23 06:37:50 ec2: 1024 SHA256:H8WURHNkKkIf1dpwo2Ooz6EKcHf5DlnvTtcjnMGZZAw root@ubuntu-xenial (DSA)
<14>May 23 06:37:50 ec2: 256 SHA256:OPJ5NGsW6YXSECr4UkFYgfOuN/QoJZ0xy9xaDpoEjjg root@ubuntu-xenial (ECDSA)
<14>May 23 06:37:50 ec2: 256 SHA256:kV0UkCggitqJlfMQQY8gzJUCnHjVXNh/BK2HnTvkngg root@ubuntu-xenial (ED25519)
<14>May 23 06:37:50 ec2: 2048 SHA256:T10OMAjGAGFcEpG0WYKfMYtuHTqXSe6NZR4pF3nxy0M root@ubuntu-xenial (RSA)
<14>May 23 06:37:50 ec2: -----END SSH HOST KEY FINGERPRINTS-----
<14>May 23 06:37:50 ec2: #############################################################
-----BEGIN SSH HOST KEY KEYS-----
ecdsa-sha2-nistp256 AAAAE2VjZHNhLXNoYTItbmlzdHAyNTYAAAAIbmlzdHAyNTYAAABBBOWyQENnjDIsoU5Zz9dH6xvv+9AMvk1kFF40M+7+LpTHazeKe1oVl1DnlE5sJSHuxfQ1PkJCAeMEpt5Uq1K/fnA= root@ubuntu-xenial
ssh-ed25519 AAAAC3NzaC1lZDI1NTE5AAAAIKLnuV+2jZkgJzRAO3yBhFrv7wY2iiJfF3amXQSSPpbW root@ubuntu-xenial
ssh-rsa AAAAB3NzaC1yc2EAAAADAQABAAABAQC6WECiNjFloZbjL8gCEg2rvXG1MKVtEMrADfOPUQyOW8y7/l1TRjomIrPLzWblqncxbq3XlSHoCXiemspR/W4TYR+KJzCQFUgbCoZes0pC0fr5GKT1SJRUO0kwz106hCj1iYcs8YVTlZ942P0QgH2YpmeyO1oyYdTsDEMb9WHsZ3obhTLh8TIRJQppNpuFPacOGcllfDdMzX3I3ubnRnUNXggN6aVzZc/ZTYMHPq9qjt9uTDAgr9r7iDfM8hiDUI9vj26qda+hcRiN4NXUQFTEzjd9gbczxPncPVw7lo2YXY+Ji+rur5LZurIlfZJyosrs+NoMmUWuj069v9EIzWDF root@ubuntu-xenial
-----END SSH HOST KEY KEYS-----
[   63.118107] cloud-init[1568]: Cloud-init v. 18.5-45-g3554ffe8-0ubuntu1~16.04.1 running 'modules:final' at Thu, 23 May 2019 06:37:50 +0000. Up 62.23 seconds.
[   63.118692] cloud-init[1568]: ci-info: no authorized ssh keys fingerprints found for user ubuntu.
[   63.119140] cloud-init[1568]: Cloud-init v. 18.5-45-g3554ffe8-0ubuntu1~16.04.1 finished at Thu, 23 May 2019 06:37:50 +0000. Datasource DataSourceNoCloud [seed=/dev/sdb][dsmode=net].  Up 63.06 seconds
[11447.353706] NMI watchdog: BUG: soft lockup - CPU#0 stuck for 39s! [swapper/0:0]
[6475.361050] NMI watchdog: BUG: soft lockup - CPU#0 stuck for 24s! [swapper/0:0]
[65475.493610] NMI watchdog: BUG: soft lockup - CPU#1 stuck for 23s! [vminfo:1201]
[65477.231188] INFO: rcu_sched detected stalls on CPUs/tasks:
[65477.231193] 	0-...: (2 ticks this GP) idle=2c9/2/0 softirq=702966/702966 fqs=144 
[65477.231196] 	(detected by 1, t=15196 jiffies, g=626883, c=626882, q=105)
